# JRE version: Java(TM) SE Runtime Environment (8.0_171-b11) (build 1.8.0_171-b11)
# Java VM: Java HotSpot(TM) 64-Bit Server VM (25.171-b11 mixed mode windows-amd64 compressed oops)
Heap:
 PSYoungGen      total 140288K, used 17865K [0x000000076b180000, 0x0000000776380000, 0x00000007c0000000)
  eden space 129024K, 5% used [0x000000076b180000,0x000000076b83d220,0x0000000772f80000)
  from space 11264K, 97% used [0x0000000773200000,0x0000000773cb5370,0x0000000773d00000)
  to   space 26624K, 0% used [0x0000000774980000,0x0000000774980000,0x0000000776380000)
 ParOldGen       total 222208K, used 29305K [0x00000006c1400000, 0x00000006ced00000, 0x000000076b180000)
  object space 222208K, 13% used [0x00000006c1400000,0x00000006c309e488,0x00000006ced00000)
 Metaspace       used 43015K, capacity 44805K, committed 45096K, reserved 1087488K
  class space    used 5804K, capacity 6135K, committed 6192K, reserved 1048576K
GC Heap History (10 events):
Event: 21.573 GC heap before
{Heap before GC invocations=7 (full 2):
 PSYoungGen      total 96768K, used 91510K [0x000000076b180000, 0x0000000772000000, 0x00000007c0000000)
  eden space 86016K, 100% used [0x000000076b180000,0x0000000770580000,0x0000000770580000)
  from space 10752K, 51% used [0x0000000771000000,0x000000077155d8d0,0x0000000771a80000)
  to   space 10752K, 0% used [0x0000000770580000,0x0000000770580000,0x0000000771000000)
 ParOldGen       total 222208K, used 18723K [0x00000006c1400000, 0x00000006ced00000, 0x000000076b180000)
  object space 222208K, 8% used [0x00000006c1400000,0x00000006c2648c48,0x00000006ced00000)
 Metaspace       used 42669K, capacity 44485K, committed 44584K, reserved 1087488K
  class space    used 5797K, capacity 6135K, committed 6192K, reserved 1048576K
Event: 21.583 GC heap after
Heap after GC invocations=7 (full 2):
 PSYoungGen      total 96768K, used 10735K [0x000000076b180000, 0x0000000775e00000, 0x00000007c0000000)
  eden space 86016K, 0% used [0x000000076b180000,0x000000076b180000,0x0000000770580000)
  from space 10752K, 99% used [0x0000000770580000,0x0000000770ffbe70,0x0000000771000000)
  to   space 30720K, 0% used [0x0000000774000000,0x0000000774000000,0x0000000775e00000)
 ParOldGen       total 222208K, used 29273K [0x00000006c1400000, 0x00000006ced00000, 0x000000076b180000)
  object space 222208K, 13% used [0x00000006c1400000,0x00000006c3096488,0x00000006ced00000)
 Metaspace       used 42669K, capacity 44485K, committed 44584K, reserved 1087488K
  class space    used 5797K, capacity 6135K, committed 6192K, reserved 1048576K
}
Event: 34.016 GC heap before
{Heap before GC invocations=8 (full 2):
 PSYoungGen      total 96768K, used 96751K [0x000000076b180000, 0x0000000775e00000, 0x00000007c0000000)
  eden space 86016K, 100% used [0x000000076b180000,0x0000000770580000,0x0000000770580000)
  from space 10752K, 99% used [0x0000000770580000,0x0000000770ffbe70,0x0000000771000000)
  to   space 30720K, 0% used [0x0000000774000000,0x0000000774000000,0x0000000775e00000)
 ParOldGen       total 222208K, used 29273K [0x00000006c1400000, 0x00000006ced00000, 0x000000076b180000)
  object space 222208K, 13% used [0x00000006c1400000,0x00000006c3096488,0x00000006ced00000)
 Metaspace       used 42827K, capacity 44549K, committed 44840K, reserved 1087488K
  class space    used 5803K, capacity 6135K, committed 6192K, reserved 1048576K
Event: 34.024 GC heap after
Heap after GC invocations=8 (full 2):
 PSYoungGen      total 131584K, used 15795K [0x000000076b180000, 0x0000000775480000, 0x00000007c0000000)
  eden space 110592K, 0% used [0x000000076b180000,0x000000076b180000,0x0000000771d80000)
  from space 20992K, 75% used [0x0000000774000000,0x0000000774f6ce90,0x0000000775480000)
  to   space 28160K, 0% used [0x0000000771d80000,0x0000000771d80000,0x0000000773900000)
 ParOldGen       total 222208K, used 29281K [0x00000006c1400000, 0x00000006ced00000, 0x000000076b180000)
  object space 222208K, 13% used [0x00000006c1400000,0x00000006c3098488,0x00000006ced00000)
 Metaspace       used 42827K, capacity 44549K, committed 44840K, reserved 1087488K
  class space    used 5803K, capacity 6135K, committed 6192K, reserved 1048576K
}
Event: 49.399 GC heap before
{Heap before GC invocations=9 (full 2):
 PSYoungGen      total 131584K, used 126387K [0x000000076b180000, 0x0000000775480000, 0x00000007c0000000)
  eden space 110592K, 100% used [0x000000076b180000,0x0000000771d80000,0x0000000771d80000)
  from space 20992K, 75% used [0x0000000774000000,0x0000000774f6ce90,0x0000000775480000)
  to   space 28160K, 0% used [0x0000000771d80000,0x0000000771d80000,0x0000000773900000)
 ParOldGen       total 222208K, used 29281K [0x00000006c1400000, 0x00000006ced00000, 0x000000076b180000)
  object space 222208K, 13% used [0x00000006c1400000,0x00000006c3098488,0x00000006ced00000)
 Metaspace       used 42845K, capacity 44613K, committed 44840K, reserved 1087488K
  class space    used 5803K, capacity 6135K, committed 6192K, reserved 1048576K
Event: 49.405 GC heap after
Heap after GC invocations=9 (full 2):
 PSYoungGen      total 138752K, used 10882K [0x000000076b180000, 0x0000000776c80000, 0x00000007c0000000)
  eden space 110592K, 0% used [0x000000076b180000,0x000000076b180000,0x0000000771d80000)
  from space 28160K, 38% used [0x0000000771d80000,0x00000007728208f0,0x0000000773900000)
  to   space 27648K, 0% used [0x0000000775180000,0x0000000775180000,0x0000000776c80000)
 ParOldGen       total 222208K, used 29289K [0x00000006c1400000, 0x00000006ced00000, 0x000000076b180000)
  object space 222208K, 13% used [0x00000006c1400000,0x00000006c309a488,0x00000006ced00000)
 Metaspace       used 42845K, capacity 44613K, committed 44840K, reserved 1087488K
  class space    used 5803K, capacity 6135K, committed 6192K, reserved 1048576K
}
Event: 65.116 GC heap before
{Heap before GC invocations=10 (full 2):
 PSYoungGen      total 138752K, used 121474K [0x000000076b180000, 0x0000000776c80000, 0x00000007c0000000)
  eden space 110592K, 100% used [0x000000076b180000,0x0000000771d80000,0x0000000771d80000)
  from space 28160K, 38% used [0x0000000771d80000,0x00000007728208f0,0x0000000773900000)
  to   space 27648K, 0% used [0x0000000775180000,0x0000000775180000,0x0000000776c80000)
 ParOldGen       total 222208K, used 29289K [0x00000006c1400000, 0x00000006ced00000, 0x000000076b180000)
  object space 222208K, 13% used [0x00000006c1400000,0x00000006c309a488,0x00000006ced00000)
 Metaspace       used 42937K, capacity 44677K, committed 44840K, reserved 1087488K
  class space    used 5803K, capacity 6135K, committed 6192K, reserved 1048576K
Event: 65.122 GC heap after
Heap after GC invocations=10 (full 2):
 PSYoungGen      total 153600K, used 10868K [0x000000076b180000, 0x0000000776700000, 0x00000007c0000000)
  eden space 131584K, 0% used [0x000000076b180000,0x000000076b180000,0x0000000773200000)
  from space 22016K, 49% used [0x0000000775180000,0x0000000775c1d370,0x0000000776700000)
  to   space 27136K, 0% used [0x0000000773200000,0x0000000773200000,0x0000000774c80000)
 ParOldGen       total 222208K, used 29297K [0x00000006c1400000, 0x00000006ced00000, 0x000000076b180000)
  object space 222208K, 13% used [0x00000006c1400000,0x00000006c309c488,0x00000006ced00000)
 Metaspace       used 42937K, capacity 44677K, committed 44840K, reserved 1087488K
  class space    used 5803K, capacity 6135K, committed 6192K, reserved 1048576K
}
Event: 82.127 GC heap before
{Heap before GC invocations=11 (full 2):
 PSYoungGen      total 153600K, used 142452K [0x000000076b180000, 0x0000000776700000, 0x00000007c0000000)
  eden space 131584K, 100% used [0x000000076b180000,0x0000000773200000,0x0000000773200000)
  from space 22016K, 49% used [0x0000000775180000,0x0000000775c1d370,0x0000000776700000)
  to   space 27136K, 0% used [0x0000000773200000,0x0000000773200000,0x0000000774c80000)
 ParOldGen       total 222208K, used 29297K [0x00000006c1400000, 0x00000006ced00000, 0x000000076b180000)
  object space 222208K, 13% used [0x00000006c1400000,0x00000006c309c488,0x00000006ced00000)
 Metaspace       used 42987K, capacity 44805K, committed 45096K, reserved 1087488K
  class space    used 5803K, capacity 6135K, committed 6192K, reserved 1048576K
Event: 82.132 GC heap after
Heap after GC invocations=11 (full 2):
 PSYoungGen      total 140288K, used 10964K [0x000000076b180000, 0x0000000776380000, 0x00000007c0000000)
  eden space 129024K, 0% used [0x000000076b180000,0x000000076b180000,0x0000000772f80000)
  from space 11264K, 97% used [0x0000000773200000,0x0000000773cb5370,0x0000000773d00000)
  to   space 26624K, 0% used [0x0000000774980000,0x0000000774980000,0x0000000776380000)
 ParOldGen       total 222208K, used 29305K [0x00000006c1400000, 0x00000006ced00000, 0x000000076b180000)
  object space 222208K, 13% used [0x00000006c1400000,0x00000006c309e488,0x00000006ced00000)
 Metaspace       used 42987K, capacity 44805K, committed 45096K, reserved 1087488K
  class space    used 5803K, capacity 6135K, committed 6192K, reserved 1048576K
}

